The system is: Linux - 3.2.0-87-generic-pae - i686
Compiling the C compiler identification source file "CMakeCCompilerId.c" succeeded.
Compiler: /usr/bin/cc 
Build flags: 
Id flags: 

The output was:
0


Compilation of the C compiler identification source "CMakeCCompilerId.c" produced "a.out"

The C compiler identification is GNU, found in "/home/ghw/project/helloworld/tmp/CMakeFiles/2.8.11/CompilerIdC/a.out"

Compiling the CXX compiler identification source file "CMakeCXXCompilerId.cpp" succeeded.
Compiler: /usr/bin/c++ 
Build flags: 
Id flags: 

The output was:
0


Compilation of the CXX compiler identification source "CMakeCXXCompilerId.cpp" produced "a.out"

The CXX compiler identification is GNU, found in "/home/ghw/project/helloworld/tmp/CMakeFiles/2.8.11/CompilerIdCXX/a.out"

Determining if the C compiler works passed with the following output:
Change Dir: /home/ghw/project/helloworld/tmp/CMakeFiles/CMakeTmp

Run Build Command:/usr/bin/make "cmTryCompileExec2946789016/fast"
make[1]: Entering directory `/home/ghw/project/helloworld/tmp/CMakeFiles/CMakeTmp'
/usr/bin/make -f CMakeFiles/cmTryCompileExec2946789016.dir/build.make CMakeFiles/cmTryCompileExec2946789016.dir/build
make[2]: Entering directory `/home/ghw/project/helloworld/tmp/CMakeFiles/CMakeTmp'
/usr/bin/cmake -E cmake_progress_report /home/ghw/project/helloworld/tmp/CMakeFiles/CMakeTmp/CMakeFiles 1
Building C object CMakeFiles/cmTryCompileExec2946789016.dir/testCCompiler.c.o
/usr/bin/cc    -o CMakeFiles/cmTryCompileExec2946789016.dir/testCCompiler.c.o   -c /home/ghw/project/helloworld/tmp/CMakeFiles/CMakeTmp/testCCompiler.c
Linking C executable cmTryCompileExec2946789016
/usr/bin/cmake -E cmake_link_script CMakeFiles/cmTryCompileExec2946789016.dir/link.txt --verbose=1
/usr/bin/cc         CMakeFiles/cmTryCompileExec2946789016.dir/testCCompiler.c.o  -o cmTryCompileExec2946789016 -rdynamic 
make[2]: Leaving directory `/home/ghw/project/helloworld/tmp/CMakeFiles/CMakeTmp'
make[1]: Leaving directory `/home/ghw/project/helloworld/tmp/CMakeFiles/CMakeTmp'


Detecting C compiler ABI info compiled with the following output:
Change Dir: /home/ghw/project/helloworld/tmp/CMakeFiles/CMakeTmp

Run Build Command:/usr/bin/make "cmTryCompileExec3527273378/fast"
make[1]: Entering directory `/home/ghw/project/helloworld/tmp/CMakeFiles/CMakeTmp'
/usr/bin/make -f CMakeFiles/cmTryCompileExec3527273378.dir/build.make CMakeFiles/cmTryCompileExec3527273378.dir/build
make[2]: Entering directory `/home/ghw/project/helloworld/tmp/CMakeFiles/CMakeTmp'
/usr/bin/cmake -E cmake_progress_report /home/ghw/project/helloworld/tmp/CMakeFiles/CMakeTmp/CMakeFiles 1
Building C object CMakeFiles/cmTryCompileExec3527273378.dir/CMakeCCompilerABI.c.o
/usr/bin/cc    -o CMakeFiles/cmTryCompileExec3527273378.dir/CMakeCCompilerABI.c.o   -c /usr/share/cmake-2.8/Modules/CMakeCCompilerABI.c
Linking C executable cmTryCompileExec3527273378
/usr/bin/cmake -E cmake_link_script CMakeFiles/cmTryCompileExec3527273378.dir/link.txt --verbose=1
/usr/bin/cc       -v CMakeFiles/cmTryCompileExec3527273378.dir/CMakeCCompilerABI.c.o  -o cmTryCompileExec3527273378 -rdynamic  
Using built-in specs.
COLLECT_GCC=/usr/bin/cc
COLLECT_LTO_WRAPPER=/usr/libexec/gcc/i686-pc-linux-gnu/4.9.3/lto-wrapper
Target: i686-pc-linux-gnu
Configured with: ./configure --prefix=/usr
Thread model: posix
gcc version 4.9.3 (GCC) 
COMPILER_PATH=/usr/libexec/gcc/i686-pc-linux-gnu/4.9.3/:/usr/libexec/gcc/i686-pc-linux-gnu/4.9.3/:/usr/libexec/gcc/i686-pc-linux-gnu/:/usr/lib/gcc/i686-pc-linux-gnu/4.9.3/:/usr/lib/gcc/i686-pc-linux-gnu/
LIBRARY_PATH=/usr/lib/gcc/i686-pc-linux-gnu/4.9.3/:/usr/lib/gcc/i686-pc-linux-gnu/4.9.3/../../../i386-linux-gnu/:/usr/lib/gcc/i686-pc-linux-gnu/4.9.3/../../../:/lib/i386-linux-gnu/:/lib/:/usr/lib/i386-linux-gnu/:/usr/lib/
COLLECT_GCC_OPTIONS='-v' '-o' 'cmTryCompileExec3527273378' '-rdynamic' '-mtune=generic' '-march=pentiumpro'
 /usr/libexec/gcc/i686-pc-linux-gnu/4.9.3/collect2 --eh-frame-hdr -m elf_i386 -export-dynamic -dynamic-linker /lib/ld-linux.so.2 -o cmTryCompileExec3527273378 /usr/lib/gcc/i686-pc-linux-gnu/4.9.3/../../../i386-linux-gnu/crt1.o /usr/lib/gcc/i686-pc-linux-gnu/4.9.3/../../../i386-linux-gnu/crti.o /usr/lib/gcc/i686-pc-linux-gnu/4.9.3/crtbegin.o -L/usr/lib/gcc/i686-pc-linux-gnu/4.9.3 -L/usr/lib/gcc/i686-pc-linux-gnu/4.9.3/../../../i386-linux-gnu -L/usr/lib/gcc/i686-pc-linux-gnu/4.9.3/../../.. -L/lib/i386-linux-gnu -L/usr/lib/i386-linux-gnu CMakeFiles/cmTryCompileExec3527273378.dir/CMakeCCompilerABI.c.o -lgcc --as-needed -lgcc_s --no-as-needed -lc -lgcc --as-needed -lgcc_s --no-as-needed /usr/lib/gcc/i686-pc-linux-gnu/4.9.3/crtend.o /usr/lib/gcc/i686-pc-linux-gnu/4.9.3/../../../i386-linux-gnu/crtn.o
make[2]: Leaving directory `/home/ghw/project/helloworld/tmp/CMakeFiles/CMakeTmp'
make[1]: Leaving directory `/home/ghw/project/helloworld/tmp/CMakeFiles/CMakeTmp'


Parsed C implicit link information from above output:
  link line regex: [^( *|.*[/\])(ld|ld|collect2)[^/\]*( |$)]
  ignore line: [Change Dir: /home/ghw/project/helloworld/tmp/CMakeFiles/CMakeTmp]
  ignore line: []
  ignore line: [Run Build Command:/usr/bin/make "cmTryCompileExec3527273378/fast"]
  ignore line: [make[1]: Entering directory `/home/ghw/project/helloworld/tmp/CMakeFiles/CMakeTmp']
  ignore line: [/usr/bin/make -f CMakeFiles/cmTryCompileExec3527273378.dir/build.make CMakeFiles/cmTryCompileExec3527273378.dir/build]
  ignore line: [make[2]: Entering directory `/home/ghw/project/helloworld/tmp/CMakeFiles/CMakeTmp']
  ignore line: [/usr/bin/cmake -E cmake_progress_report /home/ghw/project/helloworld/tmp/CMakeFiles/CMakeTmp/CMakeFiles 1]
  ignore line: [Building C object CMakeFiles/cmTryCompileExec3527273378.dir/CMakeCCompilerABI.c.o]
  ignore line: [/usr/bin/cc    -o CMakeFiles/cmTryCompileExec3527273378.dir/CMakeCCompilerABI.c.o   -c /usr/share/cmake-2.8/Modules/CMakeCCompilerABI.c]
  ignore line: [Linking C executable cmTryCompileExec3527273378]
  ignore line: [/usr/bin/cmake -E cmake_link_script CMakeFiles/cmTryCompileExec3527273378.dir/link.txt --verbose=1]
  ignore line: [/usr/bin/cc       -v CMakeFiles/cmTryCompileExec3527273378.dir/CMakeCCompilerABI.c.o  -o cmTryCompileExec3527273378 -rdynamic  ]
  ignore line: [Using built-in specs.]
  ignore line: [COLLECT_GCC=/usr/bin/cc]
  ignore line: [COLLECT_LTO_WRAPPER=/usr/libexec/gcc/i686-pc-linux-gnu/4.9.3/lto-wrapper]
  ignore line: [Target: i686-pc-linux-gnu]
  ignore line: [Configured with: ./configure --prefix=/usr]
  ignore line: [Thread model: posix]
  ignore line: [gcc version 4.9.3 (GCC) ]
  ignore line: [COMPILER_PATH=/usr/libexec/gcc/i686-pc-linux-gnu/4.9.3/:/usr/libexec/gcc/i686-pc-linux-gnu/4.9.3/:/usr/libexec/gcc/i686-pc-linux-gnu/:/usr/lib/gcc/i686-pc-linux-gnu/4.9.3/:/usr/lib/gcc/i686-pc-linux-gnu/]
  ignore line: [LIBRARY_PATH=/usr/lib/gcc/i686-pc-linux-gnu/4.9.3/:/usr/lib/gcc/i686-pc-linux-gnu/4.9.3/../../../i386-linux-gnu/:/usr/lib/gcc/i686-pc-linux-gnu/4.9.3/../../../:/lib/i386-linux-gnu/:/lib/:/usr/lib/i386-linux-gnu/:/usr/lib/]
  ignore line: [COLLECT_GCC_OPTIONS='-v' '-o' 'cmTryCompileExec3527273378' '-rdynamic' '-mtune=generic' '-march=pentiumpro']
  link line: [ /usr/libexec/gcc/i686-pc-linux-gnu/4.9.3/collect2 --eh-frame-hdr -m elf_i386 -export-dynamic -dynamic-linker /lib/ld-linux.so.2 -o cmTryCompileExec3527273378 /usr/lib/gcc/i686-pc-linux-gnu/4.9.3/../../../i386-linux-gnu/crt1.o /usr/lib/gcc/i686-pc-linux-gnu/4.9.3/../../../i386-linux-gnu/crti.o /usr/lib/gcc/i686-pc-linux-gnu/4.9.3/crtbegin.o -L/usr/lib/gcc/i686-pc-linux-gnu/4.9.3 -L/usr/lib/gcc/i686-pc-linux-gnu/4.9.3/../../../i386-linux-gnu -L/usr/lib/gcc/i686-pc-linux-gnu/4.9.3/../../.. -L/lib/i386-linux-gnu -L/usr/lib/i386-linux-gnu CMakeFiles/cmTryCompileExec3527273378.dir/CMakeCCompilerABI.c.o -lgcc --as-needed -lgcc_s --no-as-needed -lc -lgcc --as-needed -lgcc_s --no-as-needed /usr/lib/gcc/i686-pc-linux-gnu/4.9.3/crtend.o /usr/lib/gcc/i686-pc-linux-gnu/4.9.3/../../../i386-linux-gnu/crtn.o]
    arg [/usr/libexec/gcc/i686-pc-linux-gnu/4.9.3/collect2] ==> ignore
    arg [--eh-frame-hdr] ==> ignore
    arg [-m] ==> ignore
    arg [elf_i386] ==> ignore
    arg [-export-dynamic] ==> ignore
    arg [-dynamic-linker] ==> ignore
    arg [/lib/ld-linux.so.2] ==> ignore
    arg [-o] ==> ignore
    arg [cmTryCompileExec3527273378] ==> ignore
    arg [/usr/lib/gcc/i686-pc-linux-gnu/4.9.3/../../../i386-linux-gnu/crt1.o] ==> ignore
    arg [/usr/lib/gcc/i686-pc-linux-gnu/4.9.3/../../../i386-linux-gnu/crti.o] ==> ignore
    arg [/usr/lib/gcc/i686-pc-linux-gnu/4.9.3/crtbegin.o] ==> ignore
    arg [-L/usr/lib/gcc/i686-pc-linux-gnu/4.9.3] ==> dir [/usr/lib/gcc/i686-pc-linux-gnu/4.9.3]
    arg [-L/usr/lib/gcc/i686-pc-linux-gnu/4.9.3/../../../i386-linux-gnu] ==> dir [/usr/lib/gcc/i686-pc-linux-gnu/4.9.3/../../../i386-linux-gnu]
    arg [-L/usr/lib/gcc/i686-pc-linux-gnu/4.9.3/../../..] ==> dir [/usr/lib/gcc/i686-pc-linux-gnu/4.9.3/../../..]
    arg [-L/lib/i386-linux-gnu] ==> dir [/lib/i386-linux-gnu]
    arg [-L/usr/lib/i386-linux-gnu] ==> dir [/usr/lib/i386-linux-gnu]
    arg [CMakeFiles/cmTryCompileExec3527273378.dir/CMakeCCompilerABI.c.o] ==> ignore
    arg [-lgcc] ==> lib [gcc]
    arg [--as-needed] ==> ignore
    arg [-lgcc_s] ==> lib [gcc_s]
    arg [--no-as-needed] ==> ignore
    arg [-lc] ==> lib [c]
    arg [-lgcc] ==> lib [gcc]
    arg [--as-needed] ==> ignore
    arg [-lgcc_s] ==> lib [gcc_s]
    arg [--no-as-needed] ==> ignore
    arg [/usr/lib/gcc/i686-pc-linux-gnu/4.9.3/crtend.o] ==> ignore
    arg [/usr/lib/gcc/i686-pc-linux-gnu/4.9.3/../../../i386-linux-gnu/crtn.o] ==> ignore
  remove lib [gcc]
  remove lib [gcc_s]
  remove lib [gcc]
  remove lib [gcc_s]
  collapse library dir [/usr/lib/gcc/i686-pc-linux-gnu/4.9.3] ==> [/usr/lib/gcc/i686-pc-linux-gnu/4.9.3]
  collapse library dir [/usr/lib/gcc/i686-pc-linux-gnu/4.9.3/../../../i386-linux-gnu] ==> [/usr/lib/i386-linux-gnu]
  collapse library dir [/usr/lib/gcc/i686-pc-linux-gnu/4.9.3/../../..] ==> [/usr/lib]
  collapse library dir [/lib/i386-linux-gnu] ==> [/lib/i386-linux-gnu]
  collapse library dir [/usr/lib/i386-linux-gnu] ==> [/usr/lib/i386-linux-gnu]
  implicit libs: [c]
  implicit dirs: [/usr/lib/gcc/i686-pc-linux-gnu/4.9.3;/usr/lib/i386-linux-gnu;/usr/lib;/lib/i386-linux-gnu]
  implicit fwks: []


Determining if the CXX compiler works passed with the following output:
Change Dir: /home/ghw/project/helloworld/tmp/CMakeFiles/CMakeTmp

Run Build Command:/usr/bin/make "cmTryCompileExec3777147113/fast"
make[1]: Entering directory `/home/ghw/project/helloworld/tmp/CMakeFiles/CMakeTmp'
/usr/bin/make -f CMakeFiles/cmTryCompileExec3777147113.dir/build.make CMakeFiles/cmTryCompileExec3777147113.dir/build
make[2]: Entering directory `/home/ghw/project/helloworld/tmp/CMakeFiles/CMakeTmp'
/usr/bin/cmake -E cmake_progress_report /home/ghw/project/helloworld/tmp/CMakeFiles/CMakeTmp/CMakeFiles 1
Building CXX object CMakeFiles/cmTryCompileExec3777147113.dir/testCXXCompiler.cxx.o
/usr/bin/c++     -o CMakeFiles/cmTryCompileExec3777147113.dir/testCXXCompiler.cxx.o -c /home/ghw/project/helloworld/tmp/CMakeFiles/CMakeTmp/testCXXCompiler.cxx
Linking CXX executable cmTryCompileExec3777147113
/usr/bin/cmake -E cmake_link_script CMakeFiles/cmTryCompileExec3777147113.dir/link.txt --verbose=1
/usr/bin/c++          CMakeFiles/cmTryCompileExec3777147113.dir/testCXXCompiler.cxx.o  -o cmTryCompileExec3777147113 -rdynamic 
make[2]: Leaving directory `/home/ghw/project/helloworld/tmp/CMakeFiles/CMakeTmp'
make[1]: Leaving directory `/home/ghw/project/helloworld/tmp/CMakeFiles/CMakeTmp'


Detecting CXX compiler ABI info compiled with the following output:
Change Dir: /home/ghw/project/helloworld/tmp/CMakeFiles/CMakeTmp

Run Build Command:/usr/bin/make "cmTryCompileExec3939023053/fast"
make[1]: Entering directory `/home/ghw/project/helloworld/tmp/CMakeFiles/CMakeTmp'
/usr/bin/make -f CMakeFiles/cmTryCompileExec3939023053.dir/build.make CMakeFiles/cmTryCompileExec3939023053.dir/build
make[2]: Entering directory `/home/ghw/project/helloworld/tmp/CMakeFiles/CMakeTmp'
/usr/bin/cmake -E cmake_progress_report /home/ghw/project/helloworld/tmp/CMakeFiles/CMakeTmp/CMakeFiles 1
Building CXX object CMakeFiles/cmTryCompileExec3939023053.dir/CMakeCXXCompilerABI.cpp.o
/usr/bin/c++     -o CMakeFiles/cmTryCompileExec3939023053.dir/CMakeCXXCompilerABI.cpp.o -c /usr/share/cmake-2.8/Modules/CMakeCXXCompilerABI.cpp
Linking CXX executable cmTryCompileExec3939023053
/usr/bin/cmake -E cmake_link_script CMakeFiles/cmTryCompileExec3939023053.dir/link.txt --verbose=1
/usr/bin/c++        -v CMakeFiles/cmTryCompileExec3939023053.dir/CMakeCXXCompilerABI.cpp.o  -o cmTryCompileExec3939023053 -rdynamic  
Using built-in specs.
COLLECT_GCC=/usr/bin/c++
COLLECT_LTO_WRAPPER=/usr/libexec/gcc/i686-pc-linux-gnu/4.9.3/lto-wrapper
Target: i686-pc-linux-gnu
Configured with: ./configure --prefix=/usr
Thread model: posix
gcc version 4.9.3 (GCC) 
COMPILER_PATH=/usr/libexec/gcc/i686-pc-linux-gnu/4.9.3/:/usr/libexec/gcc/i686-pc-linux-gnu/4.9.3/:/usr/libexec/gcc/i686-pc-linux-gnu/:/usr/lib/gcc/i686-pc-linux-gnu/4.9.3/:/usr/lib/gcc/i686-pc-linux-gnu/
LIBRARY_PATH=/usr/lib/gcc/i686-pc-linux-gnu/4.9.3/:/usr/lib/gcc/i686-pc-linux-gnu/4.9.3/../../../i386-linux-gnu/:/usr/lib/gcc/i686-pc-linux-gnu/4.9.3/../../../:/lib/i386-linux-gnu/:/lib/:/usr/lib/i386-linux-gnu/:/usr/lib/
COLLECT_GCC_OPTIONS='-v' '-o' 'cmTryCompileExec3939023053' '-rdynamic' '-shared-libgcc' '-mtune=generic' '-march=pentiumpro'
 /usr/libexec/gcc/i686-pc-linux-gnu/4.9.3/collect2 --eh-frame-hdr -m elf_i386 -export-dynamic -dynamic-linker /lib/ld-linux.so.2 -o cmTryCompileExec3939023053 /usr/lib/gcc/i686-pc-linux-gnu/4.9.3/../../../i386-linux-gnu/crt1.o /usr/lib/gcc/i686-pc-linux-gnu/4.9.3/../../../i386-linux-gnu/crti.o /usr/lib/gcc/i686-pc-linux-gnu/4.9.3/crtbegin.o -L/usr/lib/gcc/i686-pc-linux-gnu/4.9.3 -L/usr/lib/gcc/i686-pc-linux-gnu/4.9.3/../../../i386-linux-gnu -L/usr/lib/gcc/i686-pc-linux-gnu/4.9.3/../../.. -L/lib/i386-linux-gnu -L/usr/lib/i386-linux-gnu CMakeFiles/cmTryCompileExec3939023053.dir/CMakeCXXCompilerABI.cpp.o -lstdc++ -lm -lgcc_s -lgcc -lc -lgcc_s -lgcc /usr/lib/gcc/i686-pc-linux-gnu/4.9.3/crtend.o /usr/lib/gcc/i686-pc-linux-gnu/4.9.3/../../../i386-linux-gnu/crtn.o
make[2]: Leaving directory `/home/ghw/project/helloworld/tmp/CMakeFiles/CMakeTmp'
make[1]: Leaving directory `/home/ghw/project/helloworld/tmp/CMakeFiles/CMakeTmp'


Parsed CXX implicit link information from above output:
  link line regex: [^( *|.*[/\])(ld|ld|collect2)[^/\]*( |$)]
  ignore line: [Change Dir: /home/ghw/project/helloworld/tmp/CMakeFiles/CMakeTmp]
  ignore line: []
  ignore line: [Run Build Command:/usr/bin/make "cmTryCompileExec3939023053/fast"]
  ignore line: [make[1]: Entering directory `/home/ghw/project/helloworld/tmp/CMakeFiles/CMakeTmp']
  ignore line: [/usr/bin/make -f CMakeFiles/cmTryCompileExec3939023053.dir/build.make CMakeFiles/cmTryCompileExec3939023053.dir/build]
  ignore line: [make[2]: Entering directory `/home/ghw/project/helloworld/tmp/CMakeFiles/CMakeTmp']
  ignore line: [/usr/bin/cmake -E cmake_progress_report /home/ghw/project/helloworld/tmp/CMakeFiles/CMakeTmp/CMakeFiles 1]
  ignore line: [Building CXX object CMakeFiles/cmTryCompileExec3939023053.dir/CMakeCXXCompilerABI.cpp.o]
  ignore line: [/usr/bin/c++     -o CMakeFiles/cmTryCompileExec3939023053.dir/CMakeCXXCompilerABI.cpp.o -c /usr/share/cmake-2.8/Modules/CMakeCXXCompilerABI.cpp]
  ignore line: [Linking CXX executable cmTryCompileExec3939023053]
  ignore line: [/usr/bin/cmake -E cmake_link_script CMakeFiles/cmTryCompileExec3939023053.dir/link.txt --verbose=1]
  ignore line: [/usr/bin/c++        -v CMakeFiles/cmTryCompileExec3939023053.dir/CMakeCXXCompilerABI.cpp.o  -o cmTryCompileExec3939023053 -rdynamic  ]
  ignore line: [Using built-in specs.]
  ignore line: [COLLECT_GCC=/usr/bin/c++]
  ignore line: [COLLECT_LTO_WRAPPER=/usr/libexec/gcc/i686-pc-linux-gnu/4.9.3/lto-wrapper]
  ignore line: [Target: i686-pc-linux-gnu]
  ignore line: [Configured with: ./configure --prefix=/usr]
  ignore line: [Thread model: posix]
  ignore line: [gcc version 4.9.3 (GCC) ]
  ignore line: [COMPILER_PATH=/usr/libexec/gcc/i686-pc-linux-gnu/4.9.3/:/usr/libexec/gcc/i686-pc-linux-gnu/4.9.3/:/usr/libexec/gcc/i686-pc-linux-gnu/:/usr/lib/gcc/i686-pc-linux-gnu/4.9.3/:/usr/lib/gcc/i686-pc-linux-gnu/]
  ignore line: [LIBRARY_PATH=/usr/lib/gcc/i686-pc-linux-gnu/4.9.3/:/usr/lib/gcc/i686-pc-linux-gnu/4.9.3/../../../i386-linux-gnu/:/usr/lib/gcc/i686-pc-linux-gnu/4.9.3/../../../:/lib/i386-linux-gnu/:/lib/:/usr/lib/i386-linux-gnu/:/usr/lib/]
  ignore line: [COLLECT_GCC_OPTIONS='-v' '-o' 'cmTryCompileExec3939023053' '-rdynamic' '-shared-libgcc' '-mtune=generic' '-march=pentiumpro']
  link line: [ /usr/libexec/gcc/i686-pc-linux-gnu/4.9.3/collect2 --eh-frame-hdr -m elf_i386 -export-dynamic -dynamic-linker /lib/ld-linux.so.2 -o cmTryCompileExec3939023053 /usr/lib/gcc/i686-pc-linux-gnu/4.9.3/../../../i386-linux-gnu/crt1.o /usr/lib/gcc/i686-pc-linux-gnu/4.9.3/../../../i386-linux-gnu/crti.o /usr/lib/gcc/i686-pc-linux-gnu/4.9.3/crtbegin.o -L/usr/lib/gcc/i686-pc-linux-gnu/4.9.3 -L/usr/lib/gcc/i686-pc-linux-gnu/4.9.3/../../../i386-linux-gnu -L/usr/lib/gcc/i686-pc-linux-gnu/4.9.3/../../.. -L/lib/i386-linux-gnu -L/usr/lib/i386-linux-gnu CMakeFiles/cmTryCompileExec3939023053.dir/CMakeCXXCompilerABI.cpp.o -lstdc++ -lm -lgcc_s -lgcc -lc -lgcc_s -lgcc /usr/lib/gcc/i686-pc-linux-gnu/4.9.3/crtend.o /usr/lib/gcc/i686-pc-linux-gnu/4.9.3/../../../i386-linux-gnu/crtn.o]
    arg [/usr/libexec/gcc/i686-pc-linux-gnu/4.9.3/collect2] ==> ignore
    arg [--eh-frame-hdr] ==> ignore
    arg [-m] ==> ignore
    arg [elf_i386] ==> ignore
    arg [-export-dynamic] ==> ignore
    arg [-dynamic-linker] ==> ignore
    arg [/lib/ld-linux.so.2] ==> ignore
    arg [-o] ==> ignore
    arg [cmTryCompileExec3939023053] ==> ignore
    arg [/usr/lib/gcc/i686-pc-linux-gnu/4.9.3/../../../i386-linux-gnu/crt1.o] ==> ignore
    arg [/usr/lib/gcc/i686-pc-linux-gnu/4.9.3/../../../i386-linux-gnu/crti.o] ==> ignore
    arg [/usr/lib/gcc/i686-pc-linux-gnu/4.9.3/crtbegin.o] ==> ignore
    arg [-L/usr/lib/gcc/i686-pc-linux-gnu/4.9.3] ==> dir [/usr/lib/gcc/i686-pc-linux-gnu/4.9.3]
    arg [-L/usr/lib/gcc/i686-pc-linux-gnu/4.9.3/../../../i386-linux-gnu] ==> dir [/usr/lib/gcc/i686-pc-linux-gnu/4.9.3/../../../i386-linux-gnu]
    arg [-L/usr/lib/gcc/i686-pc-linux-gnu/4.9.3/../../..] ==> dir [/usr/lib/gcc/i686-pc-linux-gnu/4.9.3/../../..]
    arg [-L/lib/i386-linux-gnu] ==> dir [/lib/i386-linux-gnu]
    arg [-L/usr/lib/i386-linux-gnu] ==> dir [/usr/lib/i386-linux-gnu]
    arg [CMakeFiles/cmTryCompileExec3939023053.dir/CMakeCXXCompilerABI.cpp.o] ==> ignore
    arg [-lstdc++] ==> lib [stdc++]
    arg [-lm] ==> lib [m]
    arg [-lgcc_s] ==> lib [gcc_s]
    arg [-lgcc] ==> lib [gcc]
    arg [-lc] ==> lib [c]
    arg [-lgcc_s] ==> lib [gcc_s]
    arg [-lgcc] ==> lib [gcc]
    arg [/usr/lib/gcc/i686-pc-linux-gnu/4.9.3/crtend.o] ==> ignore
    arg [/usr/lib/gcc/i686-pc-linux-gnu/4.9.3/../../../i386-linux-gnu/crtn.o] ==> ignore
  remove lib [gcc_s]
  remove lib [gcc]
  remove lib [gcc_s]
  remove lib [gcc]
  collapse library dir [/usr/lib/gcc/i686-pc-linux-gnu/4.9.3] ==> [/usr/lib/gcc/i686-pc-linux-gnu/4.9.3]
  collapse library dir [/usr/lib/gcc/i686-pc-linux-gnu/4.9.3/../../../i386-linux-gnu] ==> [/usr/lib/i386-linux-gnu]
  collapse library dir [/usr/lib/gcc/i686-pc-linux-gnu/4.9.3/../../..] ==> [/usr/lib]
  collapse library dir [/lib/i386-linux-gnu] ==> [/lib/i386-linux-gnu]
  collapse library dir [/usr/lib/i386-linux-gnu] ==> [/usr/lib/i386-linux-gnu]
  implicit libs: [stdc++;m;c]
  implicit dirs: [/usr/lib/gcc/i686-pc-linux-gnu/4.9.3;/usr/lib/i386-linux-gnu;/usr/lib;/lib/i386-linux-gnu]
  implicit fwks: []


